frontend/platforms/android/build/outputs/logs/manifest-merger-debug-report.txt
-- Merging decision tree log ---
manifest
ADDED from platforms\android\AndroidManifest.xml:2:1-16:12
	package
		ADDED from platforms\android\AndroidManifest.xml:2:98-124
		INJECTED from platforms\android\AndroidManifest.xml
		INJECTED from platforms\android\AndroidManifest.xml
	android:versionName
		ADDED from platforms\android\AndroidManifest.xml:2:70-97
		INJECTED from platforms\android\AndroidManifest.xml
		INJECTED from platforms\android\AndroidManifest.xml
	android:hardwareAccelerated
		ADDED from platforms\android\AndroidManifest.xml:2:11-45
	android:versionCode
		ADDED from platforms\android\AndroidManifest.xml:2:46-69
		INJECTED from platforms\android\AndroidManifest.xml
		INJECTED from platforms\android\AndroidManifest.xml
	xmlns:android
		ADDED from platforms\android\AndroidManifest.xml:2:125-183
supports-screens
ADDED from platforms\android\AndroidManifest.xml:3:5-191
	android:largeScreens
		ADDED from platforms\android\AndroidManifest.xml:3:49-76
	android:smallScreens
		ADDED from platforms\android\AndroidManifest.xml:3:132-159
	android:normalScreens
		ADDED from platforms\android\AndroidManifest.xml:3:77-105
	android:xlargeScreens
		ADDED from platforms\android\AndroidManifest.xml:3:160-188
	android:resizeable
		ADDED from platforms\android\AndroidManifest.xml:3:106-131
	android:anyDensity
		ADDED from platforms\android\AndroidManifest.xml:3:23-48
uses-permission#android.permission.NFC
ADDED from platforms\android\AndroidManifest.xml:4:5-62
	android:name
		ADDED from platforms\android\AndroidManifest.xml:4:22-59
uses-permission#android.permission.INTERNET
ADDED from platforms\android\AndroidManifest.xml:5:5-67
	android:name
		ADDED from platforms\android\AndroidManifest.xml:5:22-64
application
ADDED from platforms\android\AndroidManifest.xml:6:5-13:19
	android:label
		ADDED from platforms\android\AndroidManifest.xml:6:81-113
	android:supportsRtl
		ADDED from platforms\android\AndroidManifest.xml:6:114-140
	android:hardwareAccelerated
		ADDED from platforms\android\AndroidManifest.xml:6:18-52
	android:icon
		ADDED from platforms\android\AndroidManifest.xml:6:53-80
activity#io.ionic.starter.MainActivity
ADDED from platforms\android\AndroidManifest.xml:7:9-12:20
	android:label
		ADDED from platforms\android\AndroidManifest.xml:7:97-134
	android:launchMode
		ADDED from platforms\android\AndroidManifest.xml:7:135-165
	android:windowSoftInputMode
		ADDED from platforms\android\AndroidManifest.xml:7:257-299
	android:configChanges
		ADDED from platforms\android\AndroidManifest.xml:7:19-96
	android:theme
		ADDED from platforms\android\AndroidManifest.xml:7:194-256
	android:name
		ADDED from platforms\android\AndroidManifest.xml:7:166-193
intent-filter#android.intent.action.MAIN+android.intent.category.LAUNCHER
ADDED from platforms\android\AndroidManifest.xml:8:13-11:29
	android:label
		ADDED from platforms\android\AndroidManifest.xml:8:28-65
action#android.intent.action.MAIN
ADDED from platforms\android\AndroidManifest.xml:9:17-69
	android:name
		ADDED from platforms\android\AndroidManifest.xml:9:25-66
category#android.intent.category.LAUNCHER
ADDED from platforms\android\AndroidManifest.xml:10:17-77
	android:name
		ADDED from platforms\android\AndroidManifest.xml:10:27-74
uses-sdk
ADDED from platforms\android\AndroidManifest.xml:14:5-74
MERGED from [org.apache.cordova:CordovaLib:6.3.0:debug] AndroidManifest.xml:25:5-44
	android:targetSdkVersion
		ADDED from platforms\android\AndroidManifest.xml:14:42-71
	android:minSdkVersion
		ADDED from platforms\android\AndroidManifest.xml:14:15-41
uses-feature#android.hardware.nfc
ADDED from platforms\android\AndroidManifest.xml:15:5-82
	android:required
		ADDED from platforms\android\AndroidManifest.xml:15:55-79
	android:name
		ADDED from platforms\android\AndroidManifest.xml:15:19-54